<?xml version="1.0" encoding="UTF-8"?>
<testng-results ignored="0" total="7" passed="6" failed="1" skipped="0">
  <reporter-output>
  </reporter-output>
  <suite started-at="2022-10-31T21:52:01 IST" name="Default suite" finished-at="2022-10-31T21:53:49 IST" duration-ms="108037">
    <groups>
    </groups>
    <test started-at="2022-10-31T21:52:01 IST" name="Default test" finished-at="2022-10-31T21:53:49 IST" duration-ms="108037">
      <class name="testData.TestCase">
        <test-method is-config="true" signature="ExtentReports()[pri:0, instance:testData.TestCase@48f2bd5b]" started-at="2022-10-31T21:52:01 IST" name="ExtentReports" finished-at="2022-10-31T21:52:01 IST" duration-ms="624" status="PASS">
          <reporter-output>
          </reporter-output>
        </test-method> <!-- ExtentReports -->
        <test-method is-config="true" signature="Browser()[pri:0, instance:testData.TestCase@48f2bd5b]" started-at="2022-10-31T21:52:01 IST" name="Browser" finished-at="2022-10-31T21:52:10 IST" duration-ms="8798" status="PASS">
          <reporter-output>
          </reporter-output>
        </test-method> <!-- Browser -->
        <test-method signature="StudentLogin()[pri:1, instance:testData.TestCase@48f2bd5b]" started-at="2022-10-31T21:52:10 IST" name="StudentLogin" finished-at="2022-10-31T21:52:44 IST" duration-ms="34168" status="PASS">
          <reporter-output>
          </reporter-output>
        </test-method> <!-- StudentLogin -->
        <test-method signature="BeforeImport()[pri:2, instance:testData.TestCase@48f2bd5b]" started-at="2022-10-31T21:52:45 IST" name="BeforeImport" finished-at="2022-10-31T21:52:58 IST" duration-ms="13443" status="PASS">
          <reporter-output>
          </reporter-output>
        </test-method> <!-- BeforeImport -->
        <test-method signature="ImportMarks()[pri:3, instance:testData.TestCase@48f2bd5b]" started-at="2022-10-31T21:52:58 IST" name="ImportMarks" finished-at="2022-10-31T21:53:10 IST" duration-ms="12313" status="PASS">
          <reporter-output>
          </reporter-output>
        </test-method> <!-- ImportMarks -->
        <test-method signature="AfterImport()[pri:4, instance:testData.TestCase@48f2bd5b]" started-at="2022-10-31T21:53:10 IST" name="AfterImport" finished-at="2022-10-31T21:53:17 IST" duration-ms="6998" status="PASS">
          <reporter-output>
          </reporter-output>
        </test-method> <!-- AfterImport -->
        <test-method signature="AdminPagelogin()[pri:5, instance:testData.TestCase@48f2bd5b]" started-at="2022-10-31T21:53:17 IST" name="AdminPagelogin" finished-at="2022-10-31T21:53:20 IST" duration-ms="2134" status="PASS">
          <reporter-output>
          </reporter-output>
        </test-method> <!-- AdminPagelogin -->
        <test-method signature="AddCollege()[pri:6, instance:testData.TestCase@48f2bd5b]" started-at="2022-10-31T21:53:20 IST" name="AddCollege" finished-at="2022-10-31T21:53:34 IST" duration-ms="14858" status="PASS">
          <reporter-output>
          </reporter-output>
        </test-method> <!-- AddCollege -->
        <test-method signature="ValidatingCollege()[pri:7, instance:testData.TestCase@48f2bd5b]" started-at="2022-10-31T21:53:34 IST" name="ValidatingCollege" finished-at="2022-10-31T21:53:45 IST" duration-ms="10733" status="FAIL">
          <exception class="org.openqa.selenium.TimeoutException">
            <message>
              <![CDATA[Expected condition failed: waiting for element to be clickable: Proxy element for: DefaultElementLocator 'By.xpath: (//tr[@role='row']//img[contains(@src,'_Logo.jpg')])' (tried for 10 second(s) with 500 milliseconds interval)]]>
            </message>
            <full-stacktrace>
              <![CDATA[org.openqa.selenium.TimeoutException: Expected condition failed: waiting for element to be clickable: Proxy element for: DefaultElementLocator 'By.xpath: (//tr[@role='row']//img[contains(@src,'_Logo.jpg')])' (tried for 10 second(s) with 500 milliseconds interval)
at org.openqa.selenium.support.ui.WebDriverWait.timeoutException(WebDriverWait.java:87)
at org.openqa.selenium.support.ui.FluentWait.until(FluentWait.java:231)
at basePackage.BaseClass.waitExplicit(BaseClass.java:69)
at Maplogik.CheckDisplayed.ValidateLogo(CheckDisplayed.java:40)
at testData.TestCase.ValidatingCollege(TestCase.java:107)
at java.base/jdk.internal.reflect.DirectMethodHandleAccessor.invoke(DirectMethodHandleAccessor.java:104)
at java.base/java.lang.reflect.Method.invoke(Method.java:577)
at org.testng.internal.MethodInvocationHelper.invokeMethod(MethodInvocationHelper.java:133)
at org.testng.internal.TestInvoker.invokeMethod(TestInvoker.java:598)
at org.testng.internal.TestInvoker.invokeTestMethod(TestInvoker.java:173)
at org.testng.internal.MethodRunner.runInSequence(MethodRunner.java:46)
at org.testng.internal.TestInvoker$MethodInvocationAgent.invoke(TestInvoker.java:824)
at org.testng.internal.TestInvoker.invokeTestMethods(TestInvoker.java:146)
at org.testng.internal.TestMethodWorker.invokeTestMethods(TestMethodWorker.java:146)
at org.testng.internal.TestMethodWorker.run(TestMethodWorker.java:128)
at java.base/java.util.ArrayList.forEach(ArrayList.java:1511)
at org.testng.TestRunner.privateRun(TestRunner.java:794)
at org.testng.TestRunner.run(TestRunner.java:596)
at org.testng.SuiteRunner.runTest(SuiteRunner.java:377)
at org.testng.SuiteRunner.runSequentially(SuiteRunner.java:371)
at org.testng.SuiteRunner.privateRun(SuiteRunner.java:332)
at org.testng.SuiteRunner.run(SuiteRunner.java:276)
at org.testng.SuiteRunnerWorker.runSuite(SuiteRunnerWorker.java:53)
at org.testng.SuiteRunnerWorker.run(SuiteRunnerWorker.java:96)
at org.testng.TestNG.runSuitesSequentially(TestNG.java:1212)
at org.testng.TestNG.runSuitesLocally(TestNG.java:1134)
at org.testng.TestNG.runSuites(TestNG.java:1063)
at org.testng.TestNG.run(TestNG.java:1031)
at org.testng.remote.AbstractRemoteTestNG.run(AbstractRemoteTestNG.java:115)
at org.testng.remote.RemoteTestNG.initAndRun(RemoteTestNG.java:251)
at org.testng.remote.RemoteTestNG.main(RemoteTestNG.java:77)
Caused by: org.openqa.selenium.NoSuchElementException: no such element: Unable to locate element: {"method":"xpath","selector":"(//tr[@role='row']//img[contains(@src,'_Logo.jpg')])"}
  (Session info: chrome=107.0.5304.88)
For documentation on this error, please visit: https://selenium.dev/exceptions/#no_such_element
Build info: version: '4.3.0', revision: 'a4995e2c09*'
System info: host: 'DESKTOP-GUCMBC3', ip: '192.168.226.159', os.name: 'Windows 10', os.arch: 'amd64', os.version: '10.0', java.version: '18.0.2'
Driver info: org.openqa.selenium.chrome.ChromeDriver
Command: [81e05ac6b1a45429f5a92f6d66a54c4d, findElement {using=xpath, value=(//tr[@role='row']//img[contains(@src,'_Logo.jpg')])}]
Capabilities {acceptInsecureCerts: false, browserName: chrome, browserVersion: 107.0.5304.88, chrome: {chromedriverVersion: 107.0.5304.62 (1eec40d3a576..., userDataDir: C:\Users\Visitor\AppData\Lo...}, goog:chromeOptions: {debuggerAddress: localhost:30855}, networkConnectionEnabled: false, pageLoadStrategy: normal, platformName: WINDOWS, proxy: Proxy(), se:cdp: ws://localhost:30855/devtoo..., se:cdpVersion: 107.0.5304.88, setWindowRect: true, strictFileInteractability: false, timeouts: {implicit: 0, pageLoad: 300000, script: 30000}, unhandledPromptBehavior: dismiss and notify, webauthn:extension:credBlob: true, webauthn:extension:largeBlob: true, webauthn:virtualAuthenticators: true}
Session ID: 81e05ac6b1a45429f5a92f6d66a54c4d
at java.base/jdk.internal.reflect.DirectConstructorHandleAccessor.newInstance(DirectConstructorHandleAccessor.java:67)
at java.base/java.lang.reflect.Constructor.newInstanceWithCaller(Constructor.java:499)
at java.base/java.lang.reflect.Constructor.newInstance(Constructor.java:483)
at org.openqa.selenium.remote.codec.w3c.W3CHttpResponseCodec.createException(W3CHttpResponseCodec.java:200)
at org.openqa.selenium.remote.codec.w3c.W3CHttpResponseCodec.decode(W3CHttpResponseCodec.java:133)
at org.openqa.selenium.remote.codec.w3c.W3CHttpResponseCodec.decode(W3CHttpResponseCodec.java:53)
at org.openqa.selenium.remote.HttpCommandExecutor.execute(HttpCommandExecutor.java:184)
at org.openqa.selenium.remote.service.DriverCommandExecutor.invokeExecute(DriverCommandExecutor.java:167)
at org.openqa.selenium.remote.service.DriverCommandExecutor.execute(DriverCommandExecutor.java:142)
at org.openqa.selenium.remote.RemoteWebDriver.execute(RemoteWebDriver.java:569)
at org.openqa.selenium.remote.ElementLocation$ElementFinder$2.findElement(ElementLocation.java:162)
at org.openqa.selenium.remote.ElementLocation.findElement(ElementLocation.java:60)
at org.openqa.selenium.remote.RemoteWebDriver.findElement(RemoteWebDriver.java:387)
at org.openqa.selenium.remote.RemoteWebDriver.findElement(RemoteWebDriver.java:379)
at org.openqa.selenium.support.pagefactory.DefaultElementLocator.findElement(DefaultElementLocator.java:70)
at org.openqa.selenium.support.pagefactory.internal.LocatingElementHandler.invoke(LocatingElementHandler.java:39)
at jdk.proxy2/jdk.proxy2.$Proxy18.isDisplayed(Unknown Source)
at org.openqa.selenium.support.ui.ExpectedConditions.elementIfVisible(ExpectedConditions.java:307)
at org.openqa.selenium.support.ui.ExpectedConditions.access$000(ExpectedConditions.java:40)
at org.openqa.selenium.support.ui.ExpectedConditions$10.apply(ExpectedConditions.java:293)
at org.openqa.selenium.support.ui.ExpectedConditions$10.apply(ExpectedConditions.java:290)
at org.openqa.selenium.support.ui.ExpectedConditions$23.apply(ExpectedConditions.java:660)
at org.openqa.selenium.support.ui.ExpectedConditions$23.apply(ExpectedConditions.java:656)
at org.openqa.selenium.support.ui.FluentWait.until(FluentWait.java:208)
... 29 more
]]>
            </full-stacktrace>
          </exception> <!-- org.openqa.selenium.TimeoutException -->
          <reporter-output>
          </reporter-output>
        </test-method> <!-- ValidatingCollege -->
        <test-method is-config="true" signature="ExtentFlush()[pri:0, instance:testData.TestCase@48f2bd5b]" started-at="2022-10-31T21:53:45 IST" name="ExtentFlush" finished-at="2022-10-31T21:53:49 IST" duration-ms="3587" status="PASS">
          <reporter-output>
          </reporter-output>
        </test-method> <!-- ExtentFlush -->
      </class> <!-- testData.TestCase -->
    </test> <!-- Default test -->
  </suite> <!-- Default suite -->
</testng-results>
